<?xml version="1.0" encoding="UTF-8"?>
<!-- Generated by org.testng.reporters.JUnitXMLReporter -->
<testsuite ignored="0" hostname="HPpavilionFS" failures="0" tests="6" name="Test" time="79.552" errors="0" timestamp="2025-12-17T00:09:48 EST">
  <testcase classname="testCases.TC_003_LoginDDT" name="verify_loginDDT" time="12.326"/>
  <testcase classname="testCases.TC_003_LoginDDT" name="verify_loginDDT" time="5.816"/>
  <testcase classname="testCases.TC_003_LoginDDT" name="verify_loginDDT" time="5.314"/>
  <testcase classname="testCases.TC_003_LoginDDT" name="verify_loginDDT" time="11.722"/>
  <testcase classname="testCases.TC_003_LoginDDT" name="verify_loginDDT" time="4.459"/>
  <testcase classname="testCases.TC_003_LoginDDT" name="verify_loginDDT" time="11.748"/>
</testsuite> <!-- Test -->
